<?xml version="1.0" encoding="UTF-8"?>
<testng-results skipped="0" failed="0" ignored="0" total="1" passed="1">
  <reporter-output>
  </reporter-output>
  <suite name="Default suite" duration-ms="2096" started-at="2021-01-06T11:23:29Z" finished-at="2021-01-06T11:23:31Z">
    <groups>
    </groups>
    <test name="Default test" duration-ms="2096" started-at="2021-01-06T11:23:29Z" finished-at="2021-01-06T11:23:31Z">
      <class name="com.test.GetApiTest">
        <test-method status="PASS" signature="setUp()[pri:0, instance:com.test.GetApiTest@1753acfe]" name="setUp" is-config="true" duration-ms="10" started-at="2021-01-06T11:23:29Z" finished-at="2021-01-06T11:23:29Z">
          <reporter-output>
          </reporter-output>
        </test-method> <!-- setUp -->
        <test-method status="PASS" signature="getApiTest()[pri:0, instance:com.test.GetApiTest@1753acfe]" name="getApiTest" duration-ms="2043" started-at="2021-01-06T11:23:29Z" finished-at="2021-01-06T11:23:31Z">
          <reporter-output>
          </reporter-output>
        </test-method> <!-- getApiTest -->
      </class> <!-- com.test.GetApiTest -->
    </test> <!-- Default test -->
  </suite> <!-- Default suite -->
</testng-results>
